c:\users\jerry\desktop\gameprogramming\svn-working-copy\students\jerry.kim\renkosdlframework\framework\debug\vc141.pdb
c:\users\jerry\desktop\gameprogramming\svn-working-copy\students\jerry.kim\renkosdlframework\framework\debug\vc141.idb
c:\users\jerry\desktop\gameprogramming\svn-working-copy\students\jerry.kim\renkosdlframework\framework\debug\eventstest.obj
c:\users\jerry\desktop\gameprogramming\svn-working-copy\students\jerry.kim\renkosdlframework\framework\debug\events.obj
c:\users\jerry\desktop\gameprogramming\svn-working-copy\students\jerry.kim\renkosdlframework\framework\debug\easing.obj
c:\users\jerry\desktop\gameprogramming\svn-working-copy\students\jerry.kim\renkosdlframework\framework\debug\debug.obj
c:\users\jerry\desktop\gameprogramming\svn-working-copy\students\jerry.kim\renkosdlframework\framework\debug\cursorinteractible.obj
c:\users\jerry\desktop\gameprogramming\svn-working-copy\students\jerry.kim\renkosdlframework\framework\debug\consolelogger.obj
c:\users\jerry\desktop\gameprogramming\svn-working-copy\students\jerry.kim\renkosdlframework\framework\debug\component.obj
c:\users\jerry\desktop\gameprogramming\svn-working-copy\students\jerry.kim\renkosdlframework\framework\debug\buffer.obj
c:\users\jerry\desktop\gameprogramming\svn-working-copy\students\jerry.kim\renkosdlframework\framework\debug\baselogger.obj
c:\users\jerry\desktop\gameprogramming\svn-working-copy\students\jerry.kim\renkosdlframework\framework\debug\audiomanager.obj
c:\users\jerry\desktop\gameprogramming\svn-working-copy\students\jerry.kim\renkosdlframework\framework\debug\audioclock.obj
c:\users\jerry\desktop\gameprogramming\svn-working-copy\students\jerry.kim\renkosdlframework\framework\debug\audioclips.obj
c:\users\jerry\desktop\gameprogramming\svn-working-copy\students\jerry.kim\renkosdlframework\framework\debug\atlas.obj
c:\users\jerry\desktop\gameprogramming\svn-working-copy\students\jerry.kim\renkosdlframework\framework\debug\animetest.obj
c:\users\jerry\desktop\gameprogramming\svn-working-copy\students\jerry.kim\renkosdlframework\framework\debug\animesection.obj
c:\users\jerry\desktop\gameprogramming\svn-working-copy\students\jerry.kim\renkosdlframework\framework\debug\animeeventsection.obj
c:\users\jerry\desktop\gameprogramming\svn-working-copy\students\jerry.kim\renkosdlframework\framework\debug\anime.obj
c:\users\jerry\desktop\gameprogramming\svn-working-copy\students\jerry.kim\renkosdlframework\framework\debug\animator.obj
c:\users\jerry\desktop\gameprogramming\svn-working-copy\students\jerry.kim\renkosdlframework\framework\debug\uioverlaycontroller.obj
c:\users\jerry\desktop\gameprogramming\svn-working-copy\students\jerry.kim\renkosdlframework\framework\debug\uilabel.obj
c:\users\jerry\desktop\gameprogramming\svn-working-copy\students\jerry.kim\renkosdlframework\framework\debug\uidisplayer.obj
c:\users\jerry\desktop\gameprogramming\svn-working-copy\students\jerry.kim\renkosdlframework\framework\debug\uianimatedsprite.obj
c:\users\jerry\desktop\gameprogramming\svn-working-copy\students\jerry.kim\renkosdlframework\framework\debug\transform.obj
c:\users\jerry\desktop\gameprogramming\svn-working-copy\students\jerry.kim\renkosdlframework\framework\debug\texture.obj
c:\users\jerry\desktop\gameprogramming\svn-working-copy\students\jerry.kim\renkosdlframework\framework\debug\testcodebase.obj
c:\users\jerry\desktop\gameprogramming\svn-working-copy\students\jerry.kim\renkosdlframework\framework\debug\stringutils.obj
c:\users\jerry\desktop\gameprogramming\svn-working-copy\students\jerry.kim\renkosdlframework\framework\debug\scene.obj
c:\users\jerry\desktop\gameprogramming\svn-working-copy\students\jerry.kim\renkosdlframework\framework\debug\renkoframework.obj
c:\users\jerry\desktop\gameprogramming\svn-working-copy\students\jerry.kim\renkosdlframework\framework\debug\random.obj
c:\users\jerry\desktop\gameprogramming\svn-working-copy\students\jerry.kim\renkosdlframework\framework\debug\pathutils.obj
c:\users\jerry\desktop\gameprogramming\svn-working-copy\students\jerry.kim\renkosdlframework\framework\debug\particleemitter.obj
c:\users\jerry\desktop\gameprogramming\svn-working-copy\students\jerry.kim\renkosdlframework\framework\debug\particle.obj
c:\users\jerry\desktop\gameprogramming\svn-working-copy\students\jerry.kim\renkosdlframework\framework\debug\musiccontroller.obj
c:\users\jerry\desktop\gameprogramming\svn-working-copy\students\jerry.kim\renkosdlframework\framework\debug\main.obj
c:\users\jerry\desktop\gameprogramming\svn-working-copy\students\jerry.kim\renkosdlframework\framework\debug\loggertest.obj
c:\users\jerry\desktop\gameprogramming\svn-working-copy\students\jerry.kim\renkosdlframework\framework\debug\inputblocker.obj
c:\users\jerry\desktop\gameprogramming\svn-working-copy\students\jerry.kim\renkosdlframework\framework\debug\input.obj
c:\users\jerry\desktop\gameprogramming\svn-working-copy\students\jerry.kim\renkosdlframework\framework\debug\vector2.obj
c:\users\jerry\desktop\gameprogramming\svn-working-copy\students\jerry.kim\renkosdlframework\framework\debug\updatable.obj
c:\users\jerry\desktop\gameprogramming\svn-working-copy\students\jerry.kim\renkosdlframework\framework\debug\uiwidget.obj
c:\users\jerry\desktop\gameprogramming\svn-working-copy\students\jerry.kim\renkosdlframework\framework\debug\uisprite.obj
c:\users\jerry\desktop\gameprogramming\svn-working-copy\students\jerry.kim\renkosdlframework\framework\debug\uiscreencontroller.obj
c:\users\jerry\desktop\gameprogramming\svn-working-copy\students\jerry.kim\renkosdlframework\framework\debug\framework.tlog\cl.command.1.tlog
c:\users\jerry\desktop\gameprogramming\svn-working-copy\students\jerry.kim\renkosdlframework\framework\debug\framework.tlog\cl.read.1.tlog
c:\users\jerry\desktop\gameprogramming\svn-working-copy\students\jerry.kim\renkosdlframework\framework\debug\framework.tlog\cl.write.1.tlog
